0 info it worked if it ends with ok
1 verbose cli [ '/usr/local/bin/node',
1 verbose cli   '/usr/local/bin/npm',
1 verbose cli   'install',
1 verbose cli   '--save',
1 verbose cli   'histogram' ]
2 info using npm@3.8.5
3 info using node@v5.10.1
4 silly loadCurrentTree Starting
5 silly install loadCurrentTree
6 silly install readLocalPackageData
7 silly fetchPackageMetaData histogram
8 silly fetchNamedPackageData histogram
9 silly mapToRegistry name histogram
10 silly mapToRegistry using default registry
11 silly mapToRegistry registry https://registry.npmjs.org/
12 silly mapToRegistry data Result {
12 silly mapToRegistry   raw: 'histogram',
12 silly mapToRegistry   scope: null,
12 silly mapToRegistry   name: 'histogram',
12 silly mapToRegistry   rawSpec: '',
12 silly mapToRegistry   spec: 'latest',
12 silly mapToRegistry   type: 'tag' }
13 silly mapToRegistry uri https://registry.npmjs.org/histogram
14 verbose request uri https://registry.npmjs.org/histogram
15 verbose request no auth needed
16 info attempt registry request try #1 at 11:15:40 AM
17 verbose request using bearer token for auth
18 verbose request id c59c833a1a98e373
19 http request GET https://registry.npmjs.org/histogram
20 http 200 https://registry.npmjs.org/histogram
21 verbose headers { server: 'CouchDB/1.5.0 (Erlang OTP/R16B03)',
21 verbose headers   etag: '"60QK0ECWG5V9OF3DZFJG3WOO0"',
21 verbose headers   'content-type': 'application/json',
21 verbose headers   'content-encoding': 'gzip',
21 verbose headers   'cache-control': 'max-age=300',
21 verbose headers   'transfer-encoding': 'chunked',
21 verbose headers   'accept-ranges': 'bytes',
21 verbose headers   date: 'Thu, 14 Apr 2016 16:15:40 GMT',
21 verbose headers   via: '1.1 varnish',
21 verbose headers   connection: 'keep-alive',
21 verbose headers   'x-served-by': 'cache-dfw1847-DFW',
21 verbose headers   'x-cache': 'MISS',
21 verbose headers   'x-cache-hits': '0',
21 verbose headers   'x-timer': 'S1460650540.451252,VS0,VE68',
21 verbose headers   vary: 'Accept-Encoding' }
22 silly get cb [ 200,
22 silly get   { server: 'CouchDB/1.5.0 (Erlang OTP/R16B03)',
22 silly get     etag: '"60QK0ECWG5V9OF3DZFJG3WOO0"',
22 silly get     'content-type': 'application/json',
22 silly get     'content-encoding': 'gzip',
22 silly get     'cache-control': 'max-age=300',
22 silly get     'transfer-encoding': 'chunked',
22 silly get     'accept-ranges': 'bytes',
22 silly get     date: 'Thu, 14 Apr 2016 16:15:40 GMT',
22 silly get     via: '1.1 varnish',
22 silly get     connection: 'keep-alive',
22 silly get     'x-served-by': 'cache-dfw1847-DFW',
22 silly get     'x-cache': 'MISS',
22 silly get     'x-cache-hits': '0',
22 silly get     'x-timer': 'S1460650540.451252,VS0,VE68',
22 silly get     vary: 'Accept-Encoding' } ]
23 verbose get saving histogram to /Users/apeacock/.npm/registry.npmjs.org/histogram/.cache.json
24 verbose correctMkdir /Users/apeacock/.npm correctMkdir not in flight; initializing
25 silly install normalizeTree
26 silly loadCurrentTree Finishing
27 silly loadIdealTree Starting
28 silly install loadIdealTree
29 silly cloneCurrentTree Starting
30 silly install cloneCurrentTreeToIdealTree
31 silly cloneCurrentTree Finishing
32 silly loadShrinkwrap Starting
33 silly install loadShrinkwrap
34 silly loadShrinkwrap Finishing
35 silly loadAllDepsIntoIdealTree Starting
36 silly install loadAllDepsIntoIdealTree
37 silly resolveWithNewModule histogram@2.0.2 checking installable status
38 silly cache add args [ 'histogram', null ]
39 verbose cache add spec histogram
40 silly cache add parsed spec Result {
40 silly cache add   raw: 'histogram',
40 silly cache add   scope: null,
40 silly cache add   name: 'histogram',
40 silly cache add   rawSpec: '',
40 silly cache add   spec: 'latest',
40 silly cache add   type: 'tag' }
41 silly addNamed histogram@latest
42 verbose addNamed "latest" is being treated as a dist-tag for histogram
43 info addNameTag [ 'histogram', 'latest' ]
44 silly mapToRegistry name histogram
45 silly mapToRegistry using default registry
46 silly mapToRegistry registry https://registry.npmjs.org/
47 silly mapToRegistry data Result {
47 silly mapToRegistry   raw: 'histogram',
47 silly mapToRegistry   scope: null,
47 silly mapToRegistry   name: 'histogram',
47 silly mapToRegistry   rawSpec: '',
47 silly mapToRegistry   spec: 'latest',
47 silly mapToRegistry   type: 'tag' }
48 silly mapToRegistry uri https://registry.npmjs.org/histogram
49 verbose addNameTag registry:https://registry.npmjs.org/histogram not in flight; fetching
50 verbose get https://registry.npmjs.org/histogram not expired, no request
51 silly addNameTag next cb for histogram with tag latest
52 silly addNamed histogram@2.0.2
53 verbose addNamed "2.0.2" is a plain semver version for histogram
54 silly mapToRegistry name histogram
55 silly mapToRegistry using default registry
56 silly mapToRegistry registry https://registry.npmjs.org/
57 silly mapToRegistry data Result {
57 silly mapToRegistry   raw: 'histogram',
57 silly mapToRegistry   scope: null,
57 silly mapToRegistry   name: 'histogram',
57 silly mapToRegistry   rawSpec: '',
57 silly mapToRegistry   spec: 'latest',
57 silly mapToRegistry   type: 'tag' }
58 silly mapToRegistry uri https://registry.npmjs.org/histogram
59 verbose addRemoteTarball https://registry.npmjs.org/histogram/-/histogram-2.0.2.tgz not in flight; adding
60 verbose addRemoteTarball [ 'https://registry.npmjs.org/histogram/-/histogram-2.0.2.tgz',
60 verbose addRemoteTarball   '896a51871ae6727e57aa514c65af505c14021529' ]
61 info retry fetch attempt 1 at 11:15:40 AM
62 info attempt registry request try #1 at 11:15:40 AM
63 http fetch GET https://registry.npmjs.org/histogram/-/histogram-2.0.2.tgz
64 verbose request using bearer token for auth
65 http fetch 200 https://registry.npmjs.org/histogram/-/histogram-2.0.2.tgz
66 silly fetchAndShaCheck shasum 896a51871ae6727e57aa514c65af505c14021529
67 verbose addTmpTarball /var/folders/rz/xzwk8yw142j4031zvt73_l153zqzk9/T/npm-24097-ecb1731e/registry.npmjs.org/histogram/-/histogram-2.0.2.tgz not in flight; adding
68 verbose addTmpTarball already have metadata; skipping unpack for histogram@2.0.2
69 verbose correctMkdir /Users/apeacock/.npm correctMkdir not in flight; initializing
70 silly cache afterAdd histogram@2.0.2
71 verbose afterAdd /Users/apeacock/.npm/histogram/2.0.2/package/package.json not in flight; writing
72 verbose correctMkdir /Users/apeacock/.npm correctMkdir not in flight; initializing
73 verbose afterAdd /Users/apeacock/.npm/histogram/2.0.2/package/package.json written
74 silly fetchNamedPackageData canvas
75 silly mapToRegistry name canvas
76 silly mapToRegistry using default registry
77 silly mapToRegistry registry https://registry.npmjs.org/
78 silly mapToRegistry data Result {
78 silly mapToRegistry   raw: 'canvas',
78 silly mapToRegistry   scope: null,
78 silly mapToRegistry   name: 'canvas',
78 silly mapToRegistry   rawSpec: '',
78 silly mapToRegistry   spec: 'latest',
78 silly mapToRegistry   type: 'tag' }
79 silly mapToRegistry uri https://registry.npmjs.org/canvas
80 verbose request uri https://registry.npmjs.org/canvas
81 verbose request no auth needed
82 info attempt registry request try #1 at 11:15:40 AM
83 verbose request using bearer token for auth
84 http request GET https://registry.npmjs.org/canvas
85 http 200 https://registry.npmjs.org/canvas
86 verbose headers { server: 'CouchDB/1.5.0 (Erlang OTP/R16B03)',
86 verbose headers   etag: '"BLNRMR0FBR8NN0NPYCTA9KINO"',
86 verbose headers   'content-type': 'application/json',
86 verbose headers   'content-encoding': 'gzip',
86 verbose headers   'cache-control': 'max-age=300',
86 verbose headers   'transfer-encoding': 'chunked',
86 verbose headers   'accept-ranges': 'bytes',
86 verbose headers   date: 'Thu, 14 Apr 2016 16:15:41 GMT',
86 verbose headers   via: '1.1 varnish',
86 verbose headers   connection: 'keep-alive',
86 verbose headers   'x-served-by': 'cache-dfw1847-DFW',
86 verbose headers   'x-cache': 'MISS',
86 verbose headers   'x-cache-hits': '0',
86 verbose headers   'x-timer': 'S1460650540.787135,VS0,VE302',
86 verbose headers   vary: 'Accept-Encoding' }
87 silly get cb [ 200,
87 silly get   { server: 'CouchDB/1.5.0 (Erlang OTP/R16B03)',
87 silly get     etag: '"BLNRMR0FBR8NN0NPYCTA9KINO"',
87 silly get     'content-type': 'application/json',
87 silly get     'content-encoding': 'gzip',
87 silly get     'cache-control': 'max-age=300',
87 silly get     'transfer-encoding': 'chunked',
87 silly get     'accept-ranges': 'bytes',
87 silly get     date: 'Thu, 14 Apr 2016 16:15:41 GMT',
87 silly get     via: '1.1 varnish',
87 silly get     connection: 'keep-alive',
87 silly get     'x-served-by': 'cache-dfw1847-DFW',
87 silly get     'x-cache': 'MISS',
87 silly get     'x-cache-hits': '0',
87 silly get     'x-timer': 'S1460650540.787135,VS0,VE302',
87 silly get     vary: 'Accept-Encoding' } ]
88 verbose get saving canvas to /Users/apeacock/.npm/registry.npmjs.org/canvas/.cache.json
89 verbose correctMkdir /Users/apeacock/.npm correctMkdir not in flight; initializing
90 silly resolveWithNewModule canvas@1.3.12 checking installable status
91 silly cache add args [ 'canvas@1.3.12', null ]
92 verbose cache add spec canvas@1.3.12
93 silly cache add parsed spec Result {
93 silly cache add   raw: 'canvas@1.3.12',
93 silly cache add   scope: null,
93 silly cache add   name: 'canvas',
93 silly cache add   rawSpec: '1.3.12',
93 silly cache add   spec: '1.3.12',
93 silly cache add   type: 'version' }
94 silly addNamed canvas@1.3.12
95 verbose addNamed "1.3.12" is a plain semver version for canvas
96 silly mapToRegistry name canvas
97 silly mapToRegistry using default registry
98 silly mapToRegistry registry https://registry.npmjs.org/
99 silly mapToRegistry data Result {
99 silly mapToRegistry   raw: 'canvas',
99 silly mapToRegistry   scope: null,
99 silly mapToRegistry   name: 'canvas',
99 silly mapToRegistry   rawSpec: '',
99 silly mapToRegistry   spec: 'latest',
99 silly mapToRegistry   type: 'tag' }
100 silly mapToRegistry uri https://registry.npmjs.org/canvas
101 verbose addNameVersion registry:https://registry.npmjs.org/canvas not in flight; fetching
102 verbose get https://registry.npmjs.org/canvas not expired, no request
103 silly mapToRegistry name canvas
104 silly mapToRegistry using default registry
105 silly mapToRegistry registry https://registry.npmjs.org/
106 silly mapToRegistry data Result {
106 silly mapToRegistry   raw: 'canvas',
106 silly mapToRegistry   scope: null,
106 silly mapToRegistry   name: 'canvas',
106 silly mapToRegistry   rawSpec: '',
106 silly mapToRegistry   spec: 'latest',
106 silly mapToRegistry   type: 'tag' }
107 silly mapToRegistry uri https://registry.npmjs.org/canvas
108 verbose addRemoteTarball https://registry.npmjs.org/canvas/-/canvas-1.3.12.tgz not in flight; adding
109 verbose addRemoteTarball [ 'https://registry.npmjs.org/canvas/-/canvas-1.3.12.tgz',
109 verbose addRemoteTarball   '0e6d7b78d6c9730cf1129d1138b28d6d52667e93' ]
110 info retry fetch attempt 1 at 11:15:41 AM
111 info attempt registry request try #1 at 11:15:41 AM
112 http fetch GET https://registry.npmjs.org/canvas/-/canvas-1.3.12.tgz
113 verbose request using bearer token for auth
114 http fetch 200 https://registry.npmjs.org/canvas/-/canvas-1.3.12.tgz
115 silly fetchAndShaCheck shasum 0e6d7b78d6c9730cf1129d1138b28d6d52667e93
116 verbose addTmpTarball /var/folders/rz/xzwk8yw142j4031zvt73_l153zqzk9/T/npm-24097-ecb1731e/registry.npmjs.org/canvas/-/canvas-1.3.12.tgz not in flight; adding
117 verbose addTmpTarball already have metadata; skipping unpack for canvas@1.3.12
118 verbose correctMkdir /Users/apeacock/.npm correctMkdir not in flight; initializing
119 silly cache afterAdd canvas@1.3.12
120 verbose afterAdd /Users/apeacock/.npm/canvas/1.3.12/package/package.json not in flight; writing
121 verbose correctMkdir /Users/apeacock/.npm correctMkdir not in flight; initializing
122 verbose afterAdd /Users/apeacock/.npm/canvas/1.3.12/package/package.json written
123 silly loadAllDepsIntoIdealTree Finishing
124 silly idealTree:prePrune ircTest@0.0.0
124 silly idealTree:prePrune ├── ap@0.2.0
124 silly idealTree:prePrune ├── args-js@0.10.11
124 silly idealTree:prePrune ├── async@0.9.2
124 silly idealTree:prePrune ├── balanced-match@0.3.0
124 silly idealTree:prePrune ├── bindings@1.2.1
124 silly idealTree:prePrune ├─┬ body-parser@1.8.4
124 silly idealTree:prePrune │ ├── bytes@1.0.0
124 silly idealTree:prePrune │ ├── depd@0.4.5
124 silly idealTree:prePrune │ ├── iconv-lite@0.4.4
124 silly idealTree:prePrune │ ├── media-typer@0.3.0
124 silly idealTree:prePrune │ ├─┬ on-finished@2.1.0
124 silly idealTree:prePrune │ │ └── ee-first@1.0.5
124 silly idealTree:prePrune │ ├── qs@2.2.4
124 silly idealTree:prePrune │ ├── raw-body@1.3.0
124 silly idealTree:prePrune │ └─┬ type-is@1.5.5
124 silly idealTree:prePrune │   └─┬ mime-types@2.0.7
124 silly idealTree:prePrune │     └── mime-db@1.5.0
124 silly idealTree:prePrune ├── brace-expansion@1.1.3
124 silly idealTree:prePrune ├── buffer-writer@1.0.1
124 silly idealTree:prePrune ├── canvas@1.3.12
124 silly idealTree:prePrune ├── clone@1.0.2
124 silly idealTree:prePrune ├── commander@2.9.0
124 silly idealTree:prePrune ├── concat-map@0.0.1
124 silly idealTree:prePrune ├─┬ cookie-parser@1.3.3
124 silly idealTree:prePrune │ ├── cookie-signature@1.0.5
124 silly idealTree:prePrune │ └── cookie@0.1.2
124 silly idealTree:prePrune ├── core-util-is@1.0.2
124 silly idealTree:prePrune ├── deasync@0.1.4
124 silly idealTree:prePrune ├─┬ debug@2.0.0
124 silly idealTree:prePrune │ └── ms@0.6.2
124 silly idealTree:prePrune ├─┬ express@4.9.8
124 silly idealTree:prePrune │ ├─┬ accepts@1.1.4
124 silly idealTree:prePrune │ │ ├─┬ mime-types@2.0.7
124 silly idealTree:prePrune │ │ │ └── mime-db@1.5.0
124 silly idealTree:prePrune │ │ └── negotiator@0.4.9
124 silly idealTree:prePrune │ ├── cookie-signature@1.0.5
124 silly idealTree:prePrune │ ├── cookie@0.1.2
124 silly idealTree:prePrune │ ├── depd@0.4.5
124 silly idealTree:prePrune │ ├── escape-html@1.0.1
124 silly idealTree:prePrune │ ├─┬ etag@1.4.0
124 silly idealTree:prePrune │ │ └── crc@3.0.0
124 silly idealTree:prePrune │ ├── finalhandler@0.2.0
124 silly idealTree:prePrune │ ├── fresh@0.2.4
124 silly idealTree:prePrune │ ├── media-typer@0.3.0
124 silly idealTree:prePrune │ ├── merge-descriptors@0.0.2
124 silly idealTree:prePrune │ ├── methods@1.1.0
124 silly idealTree:prePrune │ ├─┬ on-finished@2.1.1
124 silly idealTree:prePrune │ │ └── ee-first@1.1.0
124 silly idealTree:prePrune │ ├── parseurl@1.3.0
124 silly idealTree:prePrune │ ├── path-to-regexp@0.1.3
124 silly idealTree:prePrune │ ├─┬ proxy-addr@1.0.4
124 silly idealTree:prePrune │ │ ├── forwarded@0.1.0
124 silly idealTree:prePrune │ │ └── ipaddr.js@0.1.5
124 silly idealTree:prePrune │ ├── qs@2.2.4
124 silly idealTree:prePrune │ ├── range-parser@1.0.2
124 silly idealTree:prePrune │ ├─┬ send@0.9.3
124 silly idealTree:prePrune │ │ ├── destroy@1.0.3
124 silly idealTree:prePrune │ │ ├── mime@1.2.11
124 silly idealTree:prePrune │ │ ├── ms@0.6.2
124 silly idealTree:prePrune │ │ └─┬ on-finished@2.1.0
124 silly idealTree:prePrune │ │   └── ee-first@1.0.5
124 silly idealTree:prePrune │ ├── serve-static@1.6.4
124 silly idealTree:prePrune │ ├─┬ type-is@1.5.5
124 silly idealTree:prePrune │ │ └─┬ mime-types@2.0.7
124 silly idealTree:prePrune │ │   └── mime-db@1.5.0
124 silly idealTree:prePrune │ ├── utils-merge@1.0.0
124 silly idealTree:prePrune │ └── vary@1.0.0
124 silly idealTree:prePrune ├── generic-pool@2.1.1
124 silly idealTree:prePrune ├── glob@4.5.3
124 silly idealTree:prePrune ├── graceful-readlink@1.0.1
124 silly idealTree:prePrune ├── histogram@2.0.2
124 silly idealTree:prePrune ├─┬ imgur@0.1.3
124 silly idealTree:prePrune │ ├── commander@2.6.0
124 silly idealTree:prePrune │ ├─┬ glob@4.3.2
124 silly idealTree:prePrune │ │ ├─┬ inflight@1.0.4
124 silly idealTree:prePrune │ │ │ └── wrappy@1.0.1
124 silly idealTree:prePrune │ │ ├── inherits@2.0.1
124 silly idealTree:prePrune │ │ ├─┬ minimatch@2.0.1
124 silly idealTree:prePrune │ │ │ └─┬ brace-expansion@1.1.0
124 silly idealTree:prePrune │ │ │   ├── balanced-match@0.2.0
124 silly idealTree:prePrune │ │ │   └── concat-map@0.0.1
124 silly idealTree:prePrune │ │ └─┬ once@1.3.1
124 silly idealTree:prePrune │ │   └── wrappy@1.0.1
124 silly idealTree:prePrune │ └── q@1.1.2
124 silly idealTree:prePrune ├── inflight@1.0.4
124 silly idealTree:prePrune ├── inherits@2.0.1
124 silly idealTree:prePrune ├─┬ irc@0.3.7
124 silly idealTree:prePrune │ └── ansi-color@0.2.1
124 silly idealTree:prePrune ├── is-utf8@0.2.1
124 silly idealTree:prePrune ├── isarray@0.0.1
124 silly idealTree:prePrune ├─┬ jade@1.6.0
124 silly idealTree:prePrune │ ├── character-parser@1.2.0
124 silly idealTree:prePrune │ ├── commander@2.1.0
124 silly idealTree:prePrune │ ├─┬ constantinople@2.0.1
124 silly idealTree:prePrune │ │ └─┬ uglify-js@2.4.16
124 silly idealTree:prePrune │ │   ├── async@0.2.10
124 silly idealTree:prePrune │ │   ├─┬ optimist@0.3.7
124 silly idealTree:prePrune │ │   │ └── wordwrap@0.0.2
124 silly idealTree:prePrune │ │   ├─┬ source-map@0.1.34
124 silly idealTree:prePrune │ │   │ └── amdefine@0.1.0
124 silly idealTree:prePrune │ │   └── uglify-to-browserify@1.0.2
124 silly idealTree:prePrune │ ├─┬ mkdirp@0.5.0
124 silly idealTree:prePrune │ │ └── minimist@0.0.8
124 silly idealTree:prePrune │ ├─┬ monocle@1.1.51
124 silly idealTree:prePrune │ │ └─┬ readdirp@0.2.5
124 silly idealTree:prePrune │ │   └─┬ minimatch@2.0.1
124 silly idealTree:prePrune │ │     └─┬ brace-expansion@1.1.0
124 silly idealTree:prePrune │ │       ├── balanced-match@0.2.0
124 silly idealTree:prePrune │ │       └── concat-map@0.0.1
124 silly idealTree:prePrune │ ├─┬ transformers@2.1.0
124 silly idealTree:prePrune │ │ ├─┬ css@1.0.8
124 silly idealTree:prePrune │ │ │ ├── css-parse@1.0.4
124 silly idealTree:prePrune │ │ │ └── css-stringify@1.0.5
124 silly idealTree:prePrune │ │ ├─┬ promise@2.0.0
124 silly idealTree:prePrune │ │ │ └── is-promise@1.0.1
124 silly idealTree:prePrune │ │ └─┬ uglify-js@2.2.5
124 silly idealTree:prePrune │ │   ├─┬ optimist@0.3.7
124 silly idealTree:prePrune │ │   │ └── wordwrap@0.0.2
124 silly idealTree:prePrune │ │   └─┬ source-map@0.1.42
124 silly idealTree:prePrune │ │     └── amdefine@0.1.0
124 silly idealTree:prePrune │ ├── void-elements@1.0.0
124 silly idealTree:prePrune │ └─┬ with@3.0.1
124 silly idealTree:prePrune │   └─┬ uglify-js@2.4.16
124 silly idealTree:prePrune │     ├── async@0.2.10
124 silly idealTree:prePrune │     ├─┬ optimist@0.3.7
124 silly idealTree:prePrune │     │ └── wordwrap@0.0.2
124 silly idealTree:prePrune │     ├─┬ source-map@0.1.34
124 silly idealTree:prePrune │     │ └── amdefine@0.1.0
124 silly idealTree:prePrune │     └── uglify-to-browserify@1.0.2
124 silly idealTree:prePrune ├── massive@2.2.0
124 silly idealTree:prePrune ├── minimatch@2.0.10
124 silly idealTree:prePrune ├── moment@2.9.0
124 silly idealTree:prePrune ├─┬ morgan@1.3.2
124 silly idealTree:prePrune │ ├── basic-auth@1.0.0
124 silly idealTree:prePrune │ ├── depd@0.4.5
124 silly idealTree:prePrune │ └─┬ on-finished@2.1.0
124 silly idealTree:prePrune │   └── ee-first@1.0.5
124 silly idealTree:prePrune ├─┬ multer@0.1.6
124 silly idealTree:prePrune │ ├─┬ busboy@0.2.9
124 silly idealTree:prePrune │ │ ├─┬ dicer@0.2.3
124 silly idealTree:prePrune │ │ │ └── streamsearch@0.1.2
124 silly idealTree:prePrune │ │ └─┬ readable-stream@1.1.13
124 silly idealTree:prePrune │ │   ├── core-util-is@1.0.1
124 silly idealTree:prePrune │ │   ├── inherits@2.0.1
124 silly idealTree:prePrune │ │   ├── isarray@0.0.1
124 silly idealTree:prePrune │ │   └── string_decoder@0.10.31
124 silly idealTree:prePrune │ ├── mkdirp@0.3.5
124 silly idealTree:prePrune │ └── qs@1.2.2
124 silly idealTree:prePrune ├── nan@2.2.1
124 silly idealTree:prePrune ├── once@1.3.3
124 silly idealTree:prePrune ├── packet-reader@0.2.0
124 silly idealTree:prePrune ├─┬ pastebin@0.0.1
124 silly idealTree:prePrune │ └── qs@0.6.6
124 silly idealTree:prePrune ├── pg-connection-string@0.1.3
124 silly idealTree:prePrune ├── pg-cursor@1.0.0
124 silly idealTree:prePrune ├── pg-query-stream@0.7.0
124 silly idealTree:prePrune ├── pg-types@1.10.0
124 silly idealTree:prePrune ├── pg@4.5.2
124 silly idealTree:prePrune ├── pgpass@0.0.3
124 silly idealTree:prePrune ├── postgres-array@1.0.0
124 silly idealTree:prePrune ├── postgres-bytea@1.0.0
124 silly idealTree:prePrune ├── postgres-date@1.0.1
124 silly idealTree:prePrune ├── postgres-interval@1.0.1
124 silly idealTree:prePrune ├── readable-stream@1.1.13
124 silly idealTree:prePrune ├── redis@0.12.1
124 silly idealTree:prePrune ├─┬ request@2.51.0
124 silly idealTree:prePrune │ ├── aws-sign2@0.5.0
124 silly idealTree:prePrune │ ├─┬ bl@0.9.3
124 silly idealTree:prePrune │ │ └─┬ readable-stream@1.0.33
124 silly idealTree:prePrune │ │   ├── core-util-is@1.0.1
124 silly idealTree:prePrune │ │   ├── inherits@2.0.1
124 silly idealTree:prePrune │ │   ├── isarray@0.0.1
124 silly idealTree:prePrune │ │   └── string_decoder@0.10.31
124 silly idealTree:prePrune │ ├── caseless@0.8.0
124 silly idealTree:prePrune │ ├─┬ combined-stream@0.0.7
124 silly idealTree:prePrune │ │ └── delayed-stream@0.0.5
124 silly idealTree:prePrune │ ├── forever-agent@0.5.2
124 silly idealTree:prePrune │ ├─┬ form-data@0.2.0
124 silly idealTree:prePrune │ │ ├── async@0.9.0
124 silly idealTree:prePrune │ │ └─┬ mime-types@2.0.7
124 silly idealTree:prePrune │ │   └── mime-db@1.5.0
124 silly idealTree:prePrune │ ├─┬ hawk@1.1.1
124 silly idealTree:prePrune │ │ ├── boom@0.4.2
124 silly idealTree:prePrune │ │ ├── cryptiles@0.2.2
124 silly idealTree:prePrune │ │ ├── hoek@0.9.1
124 silly idealTree:prePrune │ │ └── sntp@0.2.4
124 silly idealTree:prePrune │ ├─┬ http-signature@0.10.1
124 silly idealTree:prePrune │ │ ├── asn1@0.1.11
124 silly idealTree:prePrune │ │ ├── assert-plus@0.1.5
124 silly idealTree:prePrune │ │ └── ctype@0.5.3
124 silly idealTree:prePrune │ ├── json-stringify-safe@5.0.0
124 silly idealTree:prePrune │ ├── mime-types@1.0.2
124 silly idealTree:prePrune │ ├── node-uuid@1.4.2
124 silly idealTree:prePrune │ ├── oauth-sign@0.5.0
124 silly idealTree:prePrune │ ├── qs@2.3.3
124 silly idealTree:prePrune │ ├── stringstream@0.0.4
124 silly idealTree:prePrune │ ├─┬ tough-cookie@0.12.1
124 silly idealTree:prePrune │ │ └── punycode@1.3.2
124 silly idealTree:prePrune │ └── tunnel-agent@0.4.0
124 silly idealTree:prePrune ├── semver@4.3.6
124 silly idealTree:prePrune ├─┬ serve-favicon@2.1.7
124 silly idealTree:prePrune │ ├─┬ etag@1.5.1
124 silly idealTree:prePrune │ │ └── crc@3.2.1
124 silly idealTree:prePrune │ ├── fresh@0.2.4
124 silly idealTree:prePrune │ └── ms@0.6.2
124 silly idealTree:prePrune ├── split@0.3.3
124 silly idealTree:prePrune ├── string_decoder@0.10.31
124 silly idealTree:prePrune ├── strip-bom@2.0.0
124 silly idealTree:prePrune ├── through@2.3.8
124 silly idealTree:prePrune ├── underscore@1.8.3
124 silly idealTree:prePrune ├── wrappy@1.0.1
124 silly idealTree:prePrune └── xtend@4.0.1
125 silly loadIdealTree Finishing
126 silly currentTree ircTest@0.0.0
126 silly currentTree ├── ap@0.2.0
126 silly currentTree ├── args-js@0.10.11
126 silly currentTree ├── async@0.9.2
126 silly currentTree ├── balanced-match@0.3.0
126 silly currentTree ├── bindings@1.2.1
126 silly currentTree ├─┬ body-parser@1.8.4
126 silly currentTree │ ├── bytes@1.0.0
126 silly currentTree │ ├── depd@0.4.5
126 silly currentTree │ ├── iconv-lite@0.4.4
126 silly currentTree │ ├── media-typer@0.3.0
126 silly currentTree │ ├─┬ on-finished@2.1.0
126 silly currentTree │ │ └── ee-first@1.0.5
126 silly currentTree │ ├── qs@2.2.4
126 silly currentTree │ ├── raw-body@1.3.0
126 silly currentTree │ └─┬ type-is@1.5.5
126 silly currentTree │   └─┬ mime-types@2.0.7
126 silly currentTree │     └── mime-db@1.5.0
126 silly currentTree ├── brace-expansion@1.1.3
126 silly currentTree ├── buffer-writer@1.0.1
126 silly currentTree ├── clone@1.0.2
126 silly currentTree ├── commander@2.9.0
126 silly currentTree ├── concat-map@0.0.1
126 silly currentTree ├─┬ cookie-parser@1.3.3
126 silly currentTree │ ├── cookie-signature@1.0.5
126 silly currentTree │ └── cookie@0.1.2
126 silly currentTree ├── core-util-is@1.0.2
126 silly currentTree ├── deasync@0.1.4
126 silly currentTree ├─┬ debug@2.0.0
126 silly currentTree │ └── ms@0.6.2
126 silly currentTree ├─┬ express@4.9.8
126 silly currentTree │ ├─┬ accepts@1.1.4
126 silly currentTree │ │ ├─┬ mime-types@2.0.7
126 silly currentTree │ │ │ └── mime-db@1.5.0
126 silly currentTree │ │ └── negotiator@0.4.9
126 silly currentTree │ ├── cookie-signature@1.0.5
126 silly currentTree │ ├── cookie@0.1.2
126 silly currentTree │ ├── depd@0.4.5
126 silly currentTree │ ├── escape-html@1.0.1
126 silly currentTree │ ├─┬ etag@1.4.0
126 silly currentTree │ │ └── crc@3.0.0
126 silly currentTree │ ├── finalhandler@0.2.0
126 silly currentTree │ ├── fresh@0.2.4
126 silly currentTree │ ├── media-typer@0.3.0
126 silly currentTree │ ├── merge-descriptors@0.0.2
126 silly currentTree │ ├── methods@1.1.0
126 silly currentTree │ ├─┬ on-finished@2.1.1
126 silly currentTree │ │ └── ee-first@1.1.0
126 silly currentTree │ ├── parseurl@1.3.0
126 silly currentTree │ ├── path-to-regexp@0.1.3
126 silly currentTree │ ├─┬ proxy-addr@1.0.4
126 silly currentTree │ │ ├── forwarded@0.1.0
126 silly currentTree │ │ └── ipaddr.js@0.1.5
126 silly currentTree │ ├── qs@2.2.4
126 silly currentTree │ ├── range-parser@1.0.2
126 silly currentTree │ ├─┬ send@0.9.3
126 silly currentTree │ │ ├── destroy@1.0.3
126 silly currentTree │ │ ├── mime@1.2.11
126 silly currentTree │ │ ├── ms@0.6.2
126 silly currentTree │ │ └─┬ on-finished@2.1.0
126 silly currentTree │ │   └── ee-first@1.0.5
126 silly currentTree │ ├── serve-static@1.6.4
126 silly currentTree │ ├─┬ type-is@1.5.5
126 silly currentTree │ │ └─┬ mime-types@2.0.7
126 silly currentTree │ │   └── mime-db@1.5.0
126 silly currentTree │ ├── utils-merge@1.0.0
126 silly currentTree │ └── vary@1.0.0
126 silly currentTree ├── generic-pool@2.1.1
126 silly currentTree ├── glob@4.5.3
126 silly currentTree ├── graceful-readlink@1.0.1
126 silly currentTree ├─┬ imgur@0.1.3
126 silly currentTree │ ├── commander@2.6.0
126 silly currentTree │ ├─┬ glob@4.3.2
126 silly currentTree │ │ ├─┬ inflight@1.0.4
126 silly currentTree │ │ │ └── wrappy@1.0.1
126 silly currentTree │ │ ├── inherits@2.0.1
126 silly currentTree │ │ ├─┬ minimatch@2.0.1
126 silly currentTree │ │ │ └─┬ brace-expansion@1.1.0
126 silly currentTree │ │ │   ├── balanced-match@0.2.0
126 silly currentTree │ │ │   └── concat-map@0.0.1
126 silly currentTree │ │ └─┬ once@1.3.1
126 silly currentTree │ │   └── wrappy@1.0.1
126 silly currentTree │ └── q@1.1.2
126 silly currentTree ├── inflight@1.0.4
126 silly currentTree ├── inherits@2.0.1
126 silly currentTree ├─┬ irc@0.3.7
126 silly currentTree │ └── ansi-color@0.2.1
126 silly currentTree ├── is-utf8@0.2.1
126 silly currentTree ├── isarray@0.0.1
126 silly currentTree ├─┬ jade@1.6.0
126 silly currentTree │ ├── character-parser@1.2.0
126 silly currentTree │ ├── commander@2.1.0
126 silly currentTree │ ├─┬ constantinople@2.0.1
126 silly currentTree │ │ └─┬ uglify-js@2.4.16
126 silly currentTree │ │   ├── async@0.2.10
126 silly currentTree │ │   ├─┬ optimist@0.3.7
126 silly currentTree │ │   │ └── wordwrap@0.0.2
126 silly currentTree │ │   ├─┬ source-map@0.1.34
126 silly currentTree │ │   │ └── amdefine@0.1.0
126 silly currentTree │ │   └── uglify-to-browserify@1.0.2
126 silly currentTree │ ├─┬ mkdirp@0.5.0
126 silly currentTree │ │ └── minimist@0.0.8
126 silly currentTree │ ├─┬ monocle@1.1.51
126 silly currentTree │ │ └─┬ readdirp@0.2.5
126 silly currentTree │ │   └─┬ minimatch@2.0.1
126 silly currentTree │ │     └─┬ brace-expansion@1.1.0
126 silly currentTree │ │       ├── balanced-match@0.2.0
126 silly currentTree │ │       └── concat-map@0.0.1
126 silly currentTree │ ├─┬ transformers@2.1.0
126 silly currentTree │ │ ├─┬ css@1.0.8
126 silly currentTree │ │ │ ├── css-parse@1.0.4
126 silly currentTree │ │ │ └── css-stringify@1.0.5
126 silly currentTree │ │ ├─┬ promise@2.0.0
126 silly currentTree │ │ │ └── is-promise@1.0.1
126 silly currentTree │ │ └─┬ uglify-js@2.2.5
126 silly currentTree │ │   ├─┬ optimist@0.3.7
126 silly currentTree │ │   │ └── wordwrap@0.0.2
126 silly currentTree │ │   └─┬ source-map@0.1.42
126 silly currentTree │ │     └── amdefine@0.1.0
126 silly currentTree │ ├── void-elements@1.0.0
126 silly currentTree │ └─┬ with@3.0.1
126 silly currentTree │   └─┬ uglify-js@2.4.16
126 silly currentTree │     ├── async@0.2.10
126 silly currentTree │     ├─┬ optimist@0.3.7
126 silly currentTree │     │ └── wordwrap@0.0.2
126 silly currentTree │     ├─┬ source-map@0.1.34
126 silly currentTree │     │ └── amdefine@0.1.0
126 silly currentTree │     └── uglify-to-browserify@1.0.2
126 silly currentTree ├── massive@2.2.0
126 silly currentTree ├── minimatch@2.0.10
126 silly currentTree ├── moment@2.9.0
126 silly currentTree ├─┬ morgan@1.3.2
126 silly currentTree │ ├── basic-auth@1.0.0
126 silly currentTree │ ├── depd@0.4.5
126 silly currentTree │ └─┬ on-finished@2.1.0
126 silly currentTree │   └── ee-first@1.0.5
126 silly currentTree ├─┬ multer@0.1.6
126 silly currentTree │ ├─┬ busboy@0.2.9
126 silly currentTree │ │ ├─┬ dicer@0.2.3
126 silly currentTree │ │ │ └── streamsearch@0.1.2
126 silly currentTree │ │ └─┬ readable-stream@1.1.13
126 silly currentTree │ │   ├── core-util-is@1.0.1
126 silly currentTree │ │   ├── inherits@2.0.1
126 silly currentTree │ │   ├── isarray@0.0.1
126 silly currentTree │ │   └── string_decoder@0.10.31
126 silly currentTree │ ├── mkdirp@0.3.5
126 silly currentTree │ └── qs@1.2.2
126 silly currentTree ├── nan@2.2.1
126 silly currentTree ├── once@1.3.3
126 silly currentTree ├── packet-reader@0.2.0
126 silly currentTree ├─┬ pastebin@0.0.1
126 silly currentTree │ └── qs@0.6.6
126 silly currentTree ├── pg-connection-string@0.1.3
126 silly currentTree ├── pg-cursor@1.0.0
126 silly currentTree ├── pg-query-stream@0.7.0
126 silly currentTree ├── pg-types@1.10.0
126 silly currentTree ├── pg@4.5.2
126 silly currentTree ├── pgpass@0.0.3
126 silly currentTree ├── postgres-array@1.0.0
126 silly currentTree ├── postgres-bytea@1.0.0
126 silly currentTree ├── postgres-date@1.0.1
126 silly currentTree ├── postgres-interval@1.0.1
126 silly currentTree ├── readable-stream@1.1.13
126 silly currentTree ├── redis@0.12.1
126 silly currentTree ├─┬ request@2.51.0
126 silly currentTree │ ├── aws-sign2@0.5.0
126 silly currentTree │ ├─┬ bl@0.9.3
126 silly currentTree │ │ └─┬ readable-stream@1.0.33
126 silly currentTree │ │   ├── core-util-is@1.0.1
126 silly currentTree │ │   ├── inherits@2.0.1
126 silly currentTree │ │   ├── isarray@0.0.1
126 silly currentTree │ │   └── string_decoder@0.10.31
126 silly currentTree │ ├── caseless@0.8.0
126 silly currentTree │ ├─┬ combined-stream@0.0.7
126 silly currentTree │ │ └── delayed-stream@0.0.5
126 silly currentTree │ ├── forever-agent@0.5.2
126 silly currentTree │ ├─┬ form-data@0.2.0
126 silly currentTree │ │ ├── async@0.9.0
126 silly currentTree │ │ └─┬ mime-types@2.0.7
126 silly currentTree │ │   └── mime-db@1.5.0
126 silly currentTree │ ├─┬ hawk@1.1.1
126 silly currentTree │ │ ├── boom@0.4.2
126 silly currentTree │ │ ├── cryptiles@0.2.2
126 silly currentTree │ │ ├── hoek@0.9.1
126 silly currentTree │ │ └── sntp@0.2.4
126 silly currentTree │ ├─┬ http-signature@0.10.1
126 silly currentTree │ │ ├── asn1@0.1.11
126 silly currentTree │ │ ├── assert-plus@0.1.5
126 silly currentTree │ │ └── ctype@0.5.3
126 silly currentTree │ ├── json-stringify-safe@5.0.0
126 silly currentTree │ ├── mime-types@1.0.2
126 silly currentTree │ ├── node-uuid@1.4.2
126 silly currentTree │ ├── oauth-sign@0.5.0
126 silly currentTree │ ├── qs@2.3.3
126 silly currentTree │ ├── stringstream@0.0.4
126 silly currentTree │ ├─┬ tough-cookie@0.12.1
126 silly currentTree │ │ └── punycode@1.3.2
126 silly currentTree │ └── tunnel-agent@0.4.0
126 silly currentTree ├── semver@4.3.6
126 silly currentTree ├─┬ serve-favicon@2.1.7
126 silly currentTree │ ├─┬ etag@1.5.1
126 silly currentTree │ │ └── crc@3.2.1
126 silly currentTree │ ├── fresh@0.2.4
126 silly currentTree │ └── ms@0.6.2
126 silly currentTree ├── split@0.3.3
126 silly currentTree ├── string_decoder@0.10.31
126 silly currentTree ├── strip-bom@2.0.0
126 silly currentTree ├── through@2.3.8
126 silly currentTree ├── underscore@1.8.3
126 silly currentTree ├── wrappy@1.0.1
126 silly currentTree └── xtend@4.0.1
127 silly idealTree ircTest@0.0.0
127 silly idealTree ├── ap@0.2.0
127 silly idealTree ├── args-js@0.10.11
127 silly idealTree ├── async@0.9.2
127 silly idealTree ├── balanced-match@0.3.0
127 silly idealTree ├── bindings@1.2.1
127 silly idealTree ├─┬ body-parser@1.8.4
127 silly idealTree │ ├── bytes@1.0.0
127 silly idealTree │ ├── depd@0.4.5
127 silly idealTree │ ├── iconv-lite@0.4.4
127 silly idealTree │ ├── media-typer@0.3.0
127 silly idealTree │ ├─┬ on-finished@2.1.0
127 silly idealTree │ │ └── ee-first@1.0.5
127 silly idealTree │ ├── qs@2.2.4
127 silly idealTree │ ├── raw-body@1.3.0
127 silly idealTree │ └─┬ type-is@1.5.5
127 silly idealTree │   └─┬ mime-types@2.0.7
127 silly idealTree │     └── mime-db@1.5.0
127 silly idealTree ├── brace-expansion@1.1.3
127 silly idealTree ├── buffer-writer@1.0.1
127 silly idealTree ├── canvas@1.3.12
127 silly idealTree ├── clone@1.0.2
127 silly idealTree ├── commander@2.9.0
127 silly idealTree ├── concat-map@0.0.1
127 silly idealTree ├─┬ cookie-parser@1.3.3
127 silly idealTree │ ├── cookie-signature@1.0.5
127 silly idealTree │ └── cookie@0.1.2
127 silly idealTree ├── core-util-is@1.0.2
127 silly idealTree ├── deasync@0.1.4
127 silly idealTree ├─┬ debug@2.0.0
127 silly idealTree │ └── ms@0.6.2
127 silly idealTree ├─┬ express@4.9.8
127 silly idealTree │ ├─┬ accepts@1.1.4
127 silly idealTree │ │ ├─┬ mime-types@2.0.7
127 silly idealTree │ │ │ └── mime-db@1.5.0
127 silly idealTree │ │ └── negotiator@0.4.9
127 silly idealTree │ ├── cookie-signature@1.0.5
127 silly idealTree │ ├── cookie@0.1.2
127 silly idealTree │ ├── depd@0.4.5
127 silly idealTree │ ├── escape-html@1.0.1
127 silly idealTree │ ├─┬ etag@1.4.0
127 silly idealTree │ │ └── crc@3.0.0
127 silly idealTree │ ├── finalhandler@0.2.0
127 silly idealTree │ ├── fresh@0.2.4
127 silly idealTree │ ├── media-typer@0.3.0
127 silly idealTree │ ├── merge-descriptors@0.0.2
127 silly idealTree │ ├── methods@1.1.0
127 silly idealTree │ ├─┬ on-finished@2.1.1
127 silly idealTree │ │ └── ee-first@1.1.0
127 silly idealTree │ ├── parseurl@1.3.0
127 silly idealTree │ ├── path-to-regexp@0.1.3
127 silly idealTree │ ├─┬ proxy-addr@1.0.4
127 silly idealTree │ │ ├── forwarded@0.1.0
127 silly idealTree │ │ └── ipaddr.js@0.1.5
127 silly idealTree │ ├── qs@2.2.4
127 silly idealTree │ ├── range-parser@1.0.2
127 silly idealTree │ ├─┬ send@0.9.3
127 silly idealTree │ │ ├── destroy@1.0.3
127 silly idealTree │ │ ├── mime@1.2.11
127 silly idealTree │ │ ├── ms@0.6.2
127 silly idealTree │ │ └─┬ on-finished@2.1.0
127 silly idealTree │ │   └── ee-first@1.0.5
127 silly idealTree │ ├── serve-static@1.6.4
127 silly idealTree │ ├─┬ type-is@1.5.5
127 silly idealTree │ │ └─┬ mime-types@2.0.7
127 silly idealTree │ │   └── mime-db@1.5.0
127 silly idealTree │ ├── utils-merge@1.0.0
127 silly idealTree │ └── vary@1.0.0
127 silly idealTree ├── generic-pool@2.1.1
127 silly idealTree ├── glob@4.5.3
127 silly idealTree ├── graceful-readlink@1.0.1
127 silly idealTree ├── histogram@2.0.2
127 silly idealTree ├─┬ imgur@0.1.3
127 silly idealTree │ ├── commander@2.6.0
127 silly idealTree │ ├─┬ glob@4.3.2
127 silly idealTree │ │ ├─┬ inflight@1.0.4
127 silly idealTree │ │ │ └── wrappy@1.0.1
127 silly idealTree │ │ ├── inherits@2.0.1
127 silly idealTree │ │ ├─┬ minimatch@2.0.1
127 silly idealTree │ │ │ └─┬ brace-expansion@1.1.0
127 silly idealTree │ │ │   ├── balanced-match@0.2.0
127 silly idealTree │ │ │   └── concat-map@0.0.1
127 silly idealTree │ │ └─┬ once@1.3.1
127 silly idealTree │ │   └── wrappy@1.0.1
127 silly idealTree │ └── q@1.1.2
127 silly idealTree ├── inflight@1.0.4
127 silly idealTree ├── inherits@2.0.1
127 silly idealTree ├─┬ irc@0.3.7
127 silly idealTree │ └── ansi-color@0.2.1
127 silly idealTree ├── is-utf8@0.2.1
127 silly idealTree ├── isarray@0.0.1
127 silly idealTree ├─┬ jade@1.6.0
127 silly idealTree │ ├── character-parser@1.2.0
127 silly idealTree │ ├── commander@2.1.0
127 silly idealTree │ ├─┬ constantinople@2.0.1
127 silly idealTree │ │ └─┬ uglify-js@2.4.16
127 silly idealTree │ │   ├── async@0.2.10
127 silly idealTree │ │   ├─┬ optimist@0.3.7
127 silly idealTree │ │   │ └── wordwrap@0.0.2
127 silly idealTree │ │   ├─┬ source-map@0.1.34
127 silly idealTree │ │   │ └── amdefine@0.1.0
127 silly idealTree │ │   └── uglify-to-browserify@1.0.2
127 silly idealTree │ ├─┬ mkdirp@0.5.0
127 silly idealTree │ │ └── minimist@0.0.8
127 silly idealTree │ ├─┬ monocle@1.1.51
127 silly idealTree │ │ └─┬ readdirp@0.2.5
127 silly idealTree │ │   └─┬ minimatch@2.0.1
127 silly idealTree │ │     └─┬ brace-expansion@1.1.0
127 silly idealTree │ │       ├── balanced-match@0.2.0
127 silly idealTree │ │       └── concat-map@0.0.1
127 silly idealTree │ ├─┬ transformers@2.1.0
127 silly idealTree │ │ ├─┬ css@1.0.8
127 silly idealTree │ │ │ ├── css-parse@1.0.4
127 silly idealTree │ │ │ └── css-stringify@1.0.5
127 silly idealTree │ │ ├─┬ promise@2.0.0
127 silly idealTree │ │ │ └── is-promise@1.0.1
127 silly idealTree │ │ └─┬ uglify-js@2.2.5
127 silly idealTree │ │   ├─┬ optimist@0.3.7
127 silly idealTree │ │   │ └── wordwrap@0.0.2
127 silly idealTree │ │   └─┬ source-map@0.1.42
127 silly idealTree │ │     └── amdefine@0.1.0
127 silly idealTree │ ├── void-elements@1.0.0
127 silly idealTree │ └─┬ with@3.0.1
127 silly idealTree │   └─┬ uglify-js@2.4.16
127 silly idealTree │     ├── async@0.2.10
127 silly idealTree │     ├─┬ optimist@0.3.7
127 silly idealTree │     │ └── wordwrap@0.0.2
127 silly idealTree │     ├─┬ source-map@0.1.34
127 silly idealTree │     │ └── amdefine@0.1.0
127 silly idealTree │     └── uglify-to-browserify@1.0.2
127 silly idealTree ├── massive@2.2.0
127 silly idealTree ├── minimatch@2.0.10
127 silly idealTree ├── moment@2.9.0
127 silly idealTree ├─┬ morgan@1.3.2
127 silly idealTree │ ├── basic-auth@1.0.0
127 silly idealTree │ ├── depd@0.4.5
127 silly idealTree │ └─┬ on-finished@2.1.0
127 silly idealTree │   └── ee-first@1.0.5
127 silly idealTree ├─┬ multer@0.1.6
127 silly idealTree │ ├─┬ busboy@0.2.9
127 silly idealTree │ │ ├─┬ dicer@0.2.3
127 silly idealTree │ │ │ └── streamsearch@0.1.2
127 silly idealTree │ │ └─┬ readable-stream@1.1.13
127 silly idealTree │ │   ├── core-util-is@1.0.1
127 silly idealTree │ │   ├── inherits@2.0.1
127 silly idealTree │ │   ├── isarray@0.0.1
127 silly idealTree │ │   └── string_decoder@0.10.31
127 silly idealTree │ ├── mkdirp@0.3.5
127 silly idealTree │ └── qs@1.2.2
127 silly idealTree ├── nan@2.2.1
127 silly idealTree ├── once@1.3.3
127 silly idealTree ├── packet-reader@0.2.0
127 silly idealTree ├─┬ pastebin@0.0.1
127 silly idealTree │ └── qs@0.6.6
127 silly idealTree ├── pg-connection-string@0.1.3
127 silly idealTree ├── pg-cursor@1.0.0
127 silly idealTree ├── pg-query-stream@0.7.0
127 silly idealTree ├── pg-types@1.10.0
127 silly idealTree ├── pg@4.5.2
127 silly idealTree ├── pgpass@0.0.3
127 silly idealTree ├── postgres-array@1.0.0
127 silly idealTree ├── postgres-bytea@1.0.0
127 silly idealTree ├── postgres-date@1.0.1
127 silly idealTree ├── postgres-interval@1.0.1
127 silly idealTree ├── readable-stream@1.1.13
127 silly idealTree ├── redis@0.12.1
127 silly idealTree ├─┬ request@2.51.0
127 silly idealTree │ ├── aws-sign2@0.5.0
127 silly idealTree │ ├─┬ bl@0.9.3
127 silly idealTree │ │ └─┬ readable-stream@1.0.33
127 silly idealTree │ │   ├── core-util-is@1.0.1
127 silly idealTree │ │   ├── inherits@2.0.1
127 silly idealTree │ │   ├── isarray@0.0.1
127 silly idealTree │ │   └── string_decoder@0.10.31
127 silly idealTree │ ├── caseless@0.8.0
127 silly idealTree │ ├─┬ combined-stream@0.0.7
127 silly idealTree │ │ └── delayed-stream@0.0.5
127 silly idealTree │ ├── forever-agent@0.5.2
127 silly idealTree │ ├─┬ form-data@0.2.0
127 silly idealTree │ │ ├── async@0.9.0
127 silly idealTree │ │ └─┬ mime-types@2.0.7
127 silly idealTree │ │   └── mime-db@1.5.0
127 silly idealTree │ ├─┬ hawk@1.1.1
127 silly idealTree │ │ ├── boom@0.4.2
127 silly idealTree │ │ ├── cryptiles@0.2.2
127 silly idealTree │ │ ├── hoek@0.9.1
127 silly idealTree │ │ └── sntp@0.2.4
127 silly idealTree │ ├─┬ http-signature@0.10.1
127 silly idealTree │ │ ├── asn1@0.1.11
127 silly idealTree │ │ ├── assert-plus@0.1.5
127 silly idealTree │ │ └── ctype@0.5.3
127 silly idealTree │ ├── json-stringify-safe@5.0.0
127 silly idealTree │ ├── mime-types@1.0.2
127 silly idealTree │ ├── node-uuid@1.4.2
127 silly idealTree │ ├── oauth-sign@0.5.0
127 silly idealTree │ ├── qs@2.3.3
127 silly idealTree │ ├── stringstream@0.0.4
127 silly idealTree │ ├─┬ tough-cookie@0.12.1
127 silly idealTree │ │ └── punycode@1.3.2
127 silly idealTree │ └── tunnel-agent@0.4.0
127 silly idealTree ├── semver@4.3.6
127 silly idealTree ├─┬ serve-favicon@2.1.7
127 silly idealTree │ ├─┬ etag@1.5.1
127 silly idealTree │ │ └── crc@3.2.1
127 silly idealTree │ ├── fresh@0.2.4
127 silly idealTree │ └── ms@0.6.2
127 silly idealTree ├── split@0.3.3
127 silly idealTree ├── string_decoder@0.10.31
127 silly idealTree ├── strip-bom@2.0.0
127 silly idealTree ├── through@2.3.8
127 silly idealTree ├── underscore@1.8.3
127 silly idealTree ├── wrappy@1.0.1
127 silly idealTree └── xtend@4.0.1
128 silly generateActionsToTake Starting
129 silly install generateActionsToTake
130 silly generateActionsToTake Finishing
131 silly diffTrees action count 2
132 silly diffTrees add canvas@1.3.12
133 silly diffTrees add histogram@2.0.2
134 silly decomposeActions action count 16
135 silly decomposeActions fetch canvas@1.3.12
136 silly decomposeActions extract canvas@1.3.12
137 silly decomposeActions test canvas@1.3.12
138 silly decomposeActions preinstall canvas@1.3.12
139 silly decomposeActions build canvas@1.3.12
140 silly decomposeActions install canvas@1.3.12
141 silly decomposeActions postinstall canvas@1.3.12
142 silly decomposeActions finalize canvas@1.3.12
143 silly decomposeActions fetch histogram@2.0.2
144 silly decomposeActions extract histogram@2.0.2
145 silly decomposeActions test histogram@2.0.2
146 silly decomposeActions preinstall histogram@2.0.2
147 silly decomposeActions build histogram@2.0.2
148 silly decomposeActions install histogram@2.0.2
149 silly decomposeActions postinstall histogram@2.0.2
150 silly decomposeActions finalize histogram@2.0.2
151 silly executeActions Starting
152 silly install executeActions
153 silly doSerial global-install 0
154 silly doParallel fetch 2
155 verbose correctMkdir /Users/apeacock/.npm/_locks correctMkdir not in flight; initializing
156 verbose lock using /Users/apeacock/.npm/_locks/staging-fdf82b9283899999.lock for /Users/apeacock/Documents/code/node/ircwatch/node_modules/.staging
157 silly doParallel extract 2
158 silly extract canvas@1.3.12
159 silly extract histogram@2.0.2
160 verbose unbuild node_modules/.staging/canvas-4b0a9206
161 verbose unbuild node_modules/.staging/histogram-fc6d5d1d
162 silly gentlyRm /Users/apeacock/Documents/code/node/ircwatch/node_modules/.staging/canvas-4b0a9206 is being purged from base /Users/apeacock/Documents/code/node/ircwatch
163 verbose gentlyRm don't care about contents; nuking /Users/apeacock/Documents/code/node/ircwatch/node_modules/.staging/canvas-4b0a9206
164 silly gentlyRm /Users/apeacock/Documents/code/node/ircwatch/node_modules/.staging/histogram-fc6d5d1d is being purged from base /Users/apeacock/Documents/code/node/ircwatch
165 verbose gentlyRm don't care about contents; nuking /Users/apeacock/Documents/code/node/ircwatch/node_modules/.staging/histogram-fc6d5d1d
166 verbose tar unpack /Users/apeacock/.npm/canvas/1.3.12/package.tgz
167 verbose tar unpacking to /Users/apeacock/Documents/code/node/ircwatch/node_modules/.staging/canvas-4b0a9206
168 silly gentlyRm /Users/apeacock/Documents/code/node/ircwatch/node_modules/.staging/canvas-4b0a9206 is being purged
169 verbose gentlyRm don't care about contents; nuking /Users/apeacock/Documents/code/node/ircwatch/node_modules/.staging/canvas-4b0a9206
170 verbose tar unpack /Users/apeacock/.npm/histogram/2.0.2/package.tgz
171 verbose tar unpacking to /Users/apeacock/Documents/code/node/ircwatch/node_modules/.staging/histogram-fc6d5d1d
172 silly gentlyRm /Users/apeacock/Documents/code/node/ircwatch/node_modules/.staging/histogram-fc6d5d1d is being purged
173 verbose gentlyRm don't care about contents; nuking /Users/apeacock/Documents/code/node/ircwatch/node_modules/.staging/histogram-fc6d5d1d
174 silly gunzTarPerm modes [ '755', '644' ]
175 silly gunzTarPerm modes [ '755', '644' ]
176 silly gunzTarPerm extractEntry package.json
177 silly gunzTarPerm extractEntry package.json
178 silly gunzTarPerm extractEntry README.md
179 silly gunzTarPerm extractEntry histogram.min.js
180 silly gunzTarPerm extractEntry .npmignore
181 silly gunzTarPerm extractEntry index.js
182 silly gunzTarPerm extractEntry lib/index.js
183 silly gunzTarPerm extractEntry Readme.md
184 silly gunzTarPerm extractEntry binding.gyp
185 silly gunzTarPerm extractEntry .travis.yml
186 silly gunzTarPerm extractEntry lib/bindings.js
187 silly gunzTarPerm extractEntry lib/canvas.js
188 silly gunzTarPerm extractEntry lib/context2d.js
189 silly gunzTarPerm extractEntry lib/image.js
190 silly gunzTarPerm extractEntry lib/jpegstream.js
191 silly gunzTarPerm extractEntry lib/pngstream.js
192 silly gentlyRm /Users/apeacock/Documents/code/node/ircwatch/node_modules/.staging/histogram-fc6d5d1d/node_modules is being purged
193 verbose gentlyRm don't care about contents; nuking /Users/apeacock/Documents/code/node/ircwatch/node_modules/.staging/histogram-fc6d5d1d/node_modules
194 silly gunzTarPerm extractEntry History.md
195 silly gunzTarPerm extractEntry src/Image.cc
196 silly gunzTarPerm extractEntry src/Canvas.cc
197 silly gunzTarPerm extractEntry src/CanvasGradient.cc
198 silly gunzTarPerm extractEntry src/CanvasGradient.h
199 silly gunzTarPerm extractEntry src/CanvasPattern.cc
200 silly gunzTarPerm extractEntry src/CanvasPattern.h
201 silly gunzTarPerm extractEntry src/CanvasRenderingContext2d.cc
202 silly gunzTarPerm extractEntry src/CanvasRenderingContext2d.h
203 silly gunzTarPerm extractEntry src/FontFace.cc
204 silly gunzTarPerm extractEntry src/FontFace.h
205 silly gunzTarPerm extractEntry src/Canvas.h
206 silly gunzTarPerm extractEntry src/Image.h
207 silly gunzTarPerm extractEntry src/ImageData.cc
208 silly gunzTarPerm extractEntry src/ImageData.h
209 silly gunzTarPerm extractEntry src/JPEGStream.h
210 silly gunzTarPerm extractEntry src/PNG.h
211 silly gunzTarPerm extractEntry src/Point.h
212 silly gunzTarPerm extractEntry src/closure.h
213 silly gunzTarPerm extractEntry src/color.cc
214 silly gunzTarPerm extractEntry src/color.h
215 silly gunzTarPerm extractEntry src/init.cc
216 silly gunzTarPerm extractEntry util/has_lib.sh
217 silly gentlyRm /Users/apeacock/Documents/code/node/ircwatch/node_modules/.staging/canvas-4b0a9206/node_modules is being purged
218 verbose gentlyRm don't care about contents; nuking /Users/apeacock/Documents/code/node/ircwatch/node_modules/.staging/canvas-4b0a9206/node_modules
219 silly doParallel preinstall 2
220 silly preinstall canvas@1.3.12 /Users/apeacock/Documents/code/node/ircwatch/node_modules/.staging/canvas-4b0a9206
221 info lifecycle canvas@1.3.12~preinstall: canvas@1.3.12
222 silly preinstall histogram@2.0.2 /Users/apeacock/Documents/code/node/ircwatch/node_modules/.staging/histogram-fc6d5d1d
223 info lifecycle histogram@2.0.2~preinstall: histogram@2.0.2
224 silly lifecycle canvas@1.3.12~preinstall: no script for preinstall, continuing
225 silly lifecycle histogram@2.0.2~preinstall: no script for preinstall, continuing
226 silly doReverseSerial remove 0
227 silly doSerial move 0
228 silly doSerial finalize 2
229 silly finalize /Users/apeacock/Documents/code/node/ircwatch/node_modules/canvas
230 silly finalize /Users/apeacock/Documents/code/node/ircwatch/node_modules/histogram
231 silly doSerial build 2
232 silly build canvas@1.3.12
233 info linkStuff canvas@1.3.12
234 silly linkStuff canvas@1.3.12 has /Users/apeacock/Documents/code/node/ircwatch/node_modules as its parent node_modules
235 verbose linkBins canvas@1.3.12
236 verbose linkMans canvas@1.3.12
237 silly build histogram@2.0.2
238 info linkStuff histogram@2.0.2
239 silly linkStuff histogram@2.0.2 has /Users/apeacock/Documents/code/node/ircwatch/node_modules as its parent node_modules
240 verbose linkBins histogram@2.0.2
241 verbose linkMans histogram@2.0.2
242 silly doSerial global-link 0
243 silly doParallel update-linked 0
244 silly doSerial install 2
245 silly install canvas@1.3.12 /Users/apeacock/Documents/code/node/ircwatch/node_modules/.staging/canvas-4b0a9206
246 info lifecycle canvas@1.3.12~install: canvas@1.3.12
247 verbose lifecycle canvas@1.3.12~install: unsafe-perm in lifecycle true
248 verbose lifecycle canvas@1.3.12~install: PATH: /usr/local/lib/node_modules/npm/bin/node-gyp-bin:/Users/apeacock/Documents/code/node/ircwatch/node_modules/canvas/node_modules/.bin:/Users/apeacock/Documents/code/node/ircwatch/node_modules/.bin:/usr/local/bin:/Applications/MAMP/Library/bin/:/usr/local/heroku/bin:/usr/local/bin:/usr/bin:/bin:/usr/sbin:/sbin:/Applications/Postgres.app/Contents/Versions/9.4/bin
249 verbose lifecycle canvas@1.3.12~install: CWD: /Users/apeacock/Documents/code/node/ircwatch/node_modules/canvas
250 silly lifecycle canvas@1.3.12~install: Args: [ '-c', 'node-gyp rebuild' ]
251 silly lifecycle canvas@1.3.12~install: Returned: code: 1  signal: null
252 info lifecycle canvas@1.3.12~install: Failed to exec install script
253 verbose unlock done using /Users/apeacock/.npm/_locks/staging-fdf82b9283899999.lock for /Users/apeacock/Documents/code/node/ircwatch/node_modules/.staging
254 silly rollbackFailedOptional Starting
255 silly rollbackFailedOptional Finishing
256 silly runTopLevelLifecycles Starting
257 silly runTopLevelLifecycles Finishing
258 silly install printInstalled
259 verbose stack Error: canvas@1.3.12 install: `node-gyp rebuild`
259 verbose stack Exit status 1
259 verbose stack     at EventEmitter.<anonymous> (/usr/local/lib/node_modules/npm/lib/utils/lifecycle.js:239:16)
259 verbose stack     at emitTwo (events.js:100:13)
259 verbose stack     at EventEmitter.emit (events.js:185:7)
259 verbose stack     at ChildProcess.<anonymous> (/usr/local/lib/node_modules/npm/lib/utils/spawn.js:24:14)
259 verbose stack     at emitTwo (events.js:100:13)
259 verbose stack     at ChildProcess.emit (events.js:185:7)
259 verbose stack     at maybeClose (internal/child_process.js:850:16)
259 verbose stack     at Process.ChildProcess._handle.onexit (internal/child_process.js:215:5)
260 verbose pkgid canvas@1.3.12
261 verbose cwd /Users/apeacock/Documents/code/node/ircwatch
262 error Darwin 15.0.0
263 error argv "/usr/local/bin/node" "/usr/local/bin/npm" "install" "--save" "histogram"
264 error node v5.10.1
265 error npm  v3.8.5
266 error code ELIFECYCLE
267 error canvas@1.3.12 install: `node-gyp rebuild`
267 error Exit status 1
268 error Failed at the canvas@1.3.12 install script 'node-gyp rebuild'.
268 error Make sure you have the latest version of node.js and npm installed.
268 error If you do, this is most likely a problem with the canvas package,
268 error not with npm itself.
268 error Tell the author that this fails on your system:
268 error     node-gyp rebuild
268 error You can get information on how to open an issue for this project with:
268 error     npm bugs canvas
268 error Or if that isn't available, you can get their info via:
268 error     npm owner ls canvas
268 error There is likely additional logging output above.
269 verbose exit [ 1, true ]
